  single_list.c
C:\Users\cyril\Desktop\archi_cmake\src\list/single_list.h(5,5): error C2061: syntax error: identifier 'Element'
C:\Users\cyril\Desktop\archi_cmake\src\list/single_list.h(6,1): error C2059: syntax error: '}'
C:\Users\cyril\Desktop\archi_cmake\src\list/single_list.h(15,6): error C2143: syntax error: missing '{' before '*'
C:\Users\cyril\Desktop\archi_cmake\src\list/single_list.h(16,31): error C2143: syntax error: missing ')' before '*'
C:\Users\cyril\Desktop\archi_cmake\src\list/single_list.h(16,31): error C2143: syntax error: missing '{' before '*'
C:\Users\cyril\Desktop\archi_cmake\src\list/single_list.h(16,42): error C2059: syntax error: 'type'
C:\Users\cyril\Desktop\archi_cmake\src\list/single_list.h(16,51): error C2059: syntax error: ')'
C:\Users\cyril\Desktop\archi_cmake\src\list/single_list.h(17,31): error C2143: syntax error: missing ')' before '*'
C:\Users\cyril\Desktop\archi_cmake\src\list/single_list.h(17,31): error C2143: syntax error: missing '{' before '*'
C:\Users\cyril\Desktop\archi_cmake\src\list/single_list.h(17,36): error C2059: syntax error: ')'
C:\Users\cyril\Desktop\archi_cmake\src\list/single_list.h(18,31): error C2143: syntax error: missing ')' before '*'
C:\Users\cyril\Desktop\archi_cmake\src\list/single_list.h(18,31): error C2143: syntax error: missing '{' before '*'
C:\Users\cyril\Desktop\archi_cmake\src\list/single_list.h(18,37): error C2059: syntax error: ')'
C:\Users\cyril\Desktop\archi_cmake\src\list\single_list.c(9,7): error C2143: syntax error: missing '{' before '*'
C:\Users\cyril\Desktop\archi_cmake\src\list\single_list.c(10,8): error C2065: 'Liste': undeclared identifier
C:\Users\cyril\Desktop\archi_cmake\src\list\single_list.c(10,8): error C2297: '*': not valid as right operand has type 'int *'
C:\Users\cyril\Desktop\archi_cmake\src\list\single_list.c(18,8): error C2223: left of '->first' must point to struct/union
C:\Users\cyril\Desktop\archi_cmake\src\list\single_list.c(23,30): error C2143: syntax error: missing ')' before '*'
C:\Users\cyril\Desktop\archi_cmake\src\list\single_list.c(23,30): error C2143: syntax error: missing '{' before '*'
C:\Users\cyril\Desktop\archi_cmake\src\list\single_list.c(23,42): error C2059: syntax error: 'type'
C:\Users\cyril\Desktop\archi_cmake\src\list\single_list.c(23,51): error C2059: syntax error: ')'
C:\Users\cyril\Desktop\archi_cmake\src\list\single_list.c(36,31): error C2143: syntax error: missing ')' before '*'
C:\Users\cyril\Desktop\archi_cmake\src\list\single_list.c(36,31): error C2143: syntax error: missing '{' before '*'
C:\Users\cyril\Desktop\archi_cmake\src\list\single_list.c(36,36): error C2059: syntax error: ')'
C:\Users\cyril\Desktop\archi_cmake\src\list\single_list.c(36,38): error C2054: expected '(' to follow 'list'
C:\Users\cyril\Desktop\archi_cmake\src\list\single_list.c(47,32): error C2143: syntax error: missing ')' before '*'
C:\Users\cyril\Desktop\archi_cmake\src\list\single_list.c(47,32): error C2143: syntax error: missing '{' before '*'
C:\Users\cyril\Desktop\archi_cmake\src\list\single_list.c(47,37): error C2059: syntax error: ')'
C:\Users\cyril\Desktop\archi_cmake\src\list\single_list.c(47,39): error C2054: expected '(' to follow 'list'
